{"/Users/aurelienbrachet/Desktop/React/myresume/src/modules/common/components/animatedComponents/MobileAnimatedComponent.tsx": {"path":"/Users/aurelienbrachet/Desktop/React/myresume/src/modules/common/components/animatedComponents/MobileAnimatedComponent.tsx","statementMap":{"0":{"start":{"line":2,"column":0},"end":{"line":2,"column":56}},"1":{"start":{"line":3,"column":0},"end":{"line":3,"column":56}},"2":{"start":{"line":10,"column":39},"end":{"line":34,"column":1}},"3":{"start":{"line":19,"column":19},"end":{"line":19,"column":35}},"4":{"start":{"line":20,"column":2},"end":{"line":20,"column":28}},"5":{"start":{"line":20,"column":12},"end":{"line":20,"column":28}},"6":{"start":{"line":22,"column":2},"end":{"line":33,"column":4}},"7":{"start":{"line":10,"column":13},"end":{"line":10,"column":39}}},"fnMap":{"0":{"name":"(anonymous_1)","decl":{"start":{"line":10,"column":39},"end":{"line":10,"column":40}},"loc":{"start":{"line":18,"column":5},"end":{"line":34,"column":1}}}},"branchMap":{"0":{"loc":{"start":{"line":20,"column":2},"end":{"line":20,"column":28}},"type":"if","locations":[{"start":{"line":20,"column":2},"end":{"line":20,"column":28}}]},"1":{"loc":{"start":{"line":24,"column":7},"end":{"line":30,"column":null}},"type":"binary-expr","locations":[{"start":{"line":24,"column":7},"end":{"line":24,"column":40}},{"start":{"line":25,"column":8},"end":{"line":29,"column":null}}]}},"s":{"0":1,"1":1,"2":1,"3":3,"4":3,"5":1,"6":2,"7":1},"f":{"0":3},"b":{"0":[1],"1":[2,1]}}
,"/Users/aurelienbrachet/Desktop/React/myresume/src/modules/common/components/animatedComponents/MouseFollower.tsx": {"path":"/Users/aurelienbrachet/Desktop/React/myresume/src/modules/common/components/animatedComponents/MouseFollower.tsx","statementMap":{"0":{"start":{"line":1,"column":0},"end":{"line":1,"column":44}},"1":{"start":{"line":3,"column":29},"end":{"line":27,"column":1}},"2":{"start":{"line":4,"column":34},"end":{"line":4,"column":58}},"3":{"start":{"line":6,"column":2},"end":{"line":17,"column":9}},"4":{"start":{"line":7,"column":28},"end":{"line":12,"column":5}},"5":{"start":{"line":8,"column":6},"end":{"line":11,"column":9}},"6":{"start":{"line":14,"column":4},"end":{"line":14,"column":58}},"7":{"start":{"line":16,"column":4},"end":{"line":16,"column":74}},"8":{"start":{"line":16,"column":17},"end":{"line":16,"column":73}},"9":{"start":{"line":20,"column":4},"end":{"line":20,"column":80}},"10":{"start":{"line":22,"column":24},"end":{"line":24,"column":4}},"11":{"start":{"line":26,"column":2},"end":{"line":26,"column":67}},"12":{"start":{"line":3,"column":13},"end":{"line":3,"column":29}}},"fnMap":{"0":{"name":"(anonymous_0)","decl":{"start":{"line":3,"column":29},"end":{"line":3,"column":32}},"loc":{"start":{"line":3,"column":34},"end":{"line":27,"column":1}}},"1":{"name":"(anonymous_1)","decl":{"start":{"line":6,"column":12},"end":{"line":6,"column":15}},"loc":{"start":{"line":6,"column":17},"end":{"line":17,"column":3}}},"2":{"name":"(anonymous_2)","decl":{"start":{"line":7,"column":28},"end":{"line":7,"column":29}},"loc":{"start":{"line":7,"column":72},"end":{"line":12,"column":5}}},"3":{"name":"(anonymous_3)","decl":{"start":{"line":16,"column":11},"end":{"line":16,"column":14}},"loc":{"start":{"line":16,"column":17},"end":{"line":16,"column":73}}}},"branchMap":{},"s":{"0":1,"1":1,"2":3,"3":3,"4":1,"5":2,"6":1,"7":1,"8":1,"9":3,"10":3,"11":3,"12":1},"f":{"0":3,"1":1,"2":2,"3":1},"b":{}}
,"/Users/aurelienbrachet/Desktop/React/myresume/src/modules/common/components/buttons/Switch.tsx": {"path":"/Users/aurelienbrachet/Desktop/React/myresume/src/modules/common/components/buttons/Switch.tsx","statementMap":{"0":{"start":{"line":2,"column":0},"end":{"line":2,"column":39}},"1":{"start":{"line":15,"column":22},"end":{"line":33,"column":null}},"2":{"start":{"line":21,"column":2},"end":{"line":32,"column":null}},"3":{"start":{"line":15,"column":13},"end":{"line":15,"column":22}}},"fnMap":{"0":{"name":"(anonymous_1)","decl":{"start":{"line":15,"column":22},"end":{"line":15,"column":23}},"loc":{"start":{"line":21,"column":2},"end":{"line":32,"column":null}}}},"branchMap":{},"s":{"0":2,"1":2,"2":4,"3":2},"f":{"0":4},"b":{}}
,"/Users/aurelienbrachet/Desktop/React/myresume/src/modules/common/components/buttons/ThemeSwitch.tsx": {"path":"/Users/aurelienbrachet/Desktop/React/myresume/src/modules/common/components/buttons/ThemeSwitch.tsx","statementMap":{"0":{"start":{"line":1,"column":0},"end":{"line":1,"column":35}},"1":{"start":{"line":2,"column":0},"end":{"line":2,"column":42}},"2":{"start":{"line":3,"column":0},"end":{"line":3,"column":42}},"3":{"start":{"line":4,"column":0},"end":{"line":4,"column":34}},"4":{"start":{"line":5,"column":0},"end":{"line":5,"column":55}},"5":{"start":{"line":7,"column":27},"end":{"line":16,"column":1}},"6":{"start":{"line":8,"column":41},"end":{"line":8,"column":65}},"7":{"start":{"line":9,"column":2},"end":{"line":15,"column":4}},"8":{"start":{"line":7,"column":13},"end":{"line":7,"column":27}}},"fnMap":{"0":{"name":"(anonymous_1)","decl":{"start":{"line":7,"column":27},"end":{"line":7,"column":30}},"loc":{"start":{"line":7,"column":32},"end":{"line":16,"column":1}}}},"branchMap":{},"s":{"0":1,"1":1,"2":1,"3":1,"4":1,"5":1,"6":2,"7":2,"8":1},"f":{"0":2},"b":{}}
,"/Users/aurelienbrachet/Desktop/React/myresume/src/modules/common/components/buttons/components/SelectArrows.tsx": {"path":"/Users/aurelienbrachet/Desktop/React/myresume/src/modules/common/components/buttons/components/SelectArrows.tsx","statementMap":{"0":{"start":{"line":1,"column":0},"end":{"line":1,"column":36}},"1":{"start":{"line":2,"column":0},"end":{"line":2,"column":75}},"2":{"start":{"line":12,"column":28},"end":{"line":35,"column":1}},"3":{"start":{"line":19,"column":29},"end":{"line":19,"column":50}},"4":{"start":{"line":20,"column":2},"end":{"line":34,"column":4}},"5":{"start":{"line":12,"column":13},"end":{"line":12,"column":28}}},"fnMap":{"0":{"name":"(anonymous_1)","decl":{"start":{"line":12,"column":28},"end":{"line":12,"column":29}},"loc":{"start":{"line":18,"column":12},"end":{"line":35,"column":1}}}},"branchMap":{"0":{"loc":{"start":{"line":16,"column":2},"end":{"line":16,"column":12}},"type":"default-arg","locations":[{"start":{"line":16,"column":11},"end":{"line":16,"column":12}}]},"1":{"loc":{"start":{"line":17,"column":2},"end":{"line":17,"column":12}},"type":"default-arg","locations":[{"start":{"line":17,"column":10},"end":{"line":17,"column":12}}]},"2":{"loc":{"start":{"line":20,"column":9},"end":{"line":33,"column":null}},"type":"cond-expr","locations":[{"start":{"line":21,"column":4},"end":{"line":25,"column":null}},{"start":{"line":28,"column":4},"end":{"line":32,"column":null}}]},"3":{"loc":{"start":{"line":20,"column":9},"end":{"line":20,"column":28}},"type":"binary-expr","locations":[{"start":{"line":20,"column":9},"end":{"line":20,"column":15}},{"start":{"line":20,"column":19},"end":{"line":20,"column":28}}]}},"s":{"0":1,"1":1,"2":1,"3":2,"4":2,"5":1},"f":{"0":2},"b":{"0":[2],"1":[2],"2":[1,1],"3":[2,1]}}
,"/Users/aurelienbrachet/Desktop/React/myresume/src/modules/common/components/errors/ErrorComp.tsx": {"path":"/Users/aurelienbrachet/Desktop/React/myresume/src/modules/common/components/errors/ErrorComp.tsx","statementMap":{"0":{"start":{"line":5,"column":25},"end":{"line":6,"column":null}},"1":{"start":{"line":6,"column":2},"end":{"line":6,"column":53}},"2":{"start":{"line":5,"column":13},"end":{"line":5,"column":25}}},"fnMap":{"0":{"name":"(anonymous_0)","decl":{"start":{"line":5,"column":25},"end":{"line":5,"column":26}},"loc":{"start":{"line":6,"column":2},"end":{"line":6,"column":53}}}},"branchMap":{"0":{"loc":{"start":{"line":5,"column":28},"end":{"line":5,"column":63}},"type":"default-arg","locations":[{"start":{"line":5,"column":39},"end":{"line":5,"column":63}}]}},"s":{"0":2,"1":6,"2":2},"f":{"0":6},"b":{"0":[1]}}
,"/Users/aurelienbrachet/Desktop/React/myresume/src/modules/common/components/inputs/InputText.tsx": {"path":"/Users/aurelienbrachet/Desktop/React/myresume/src/modules/common/components/inputs/InputText.tsx","statementMap":{"0":{"start":{"line":1,"column":0},"end":{"line":1,"column":56}},"1":{"start":{"line":5,"column":13},"end":{"line":17,"column":2}},"2":{"start":{"line":7,"column":4},"end":{"line":14,"column":null}}},"fnMap":{"0":{"name":"(anonymous_0)","decl":{"start":{"line":6,"column":2},"end":{"line":6,"column":3}},"loc":{"start":{"line":7,"column":4},"end":{"line":14,"column":null}}}},"branchMap":{"0":{"loc":{"start":{"line":6,"column":5},"end":{"line":6,"column":18}},"type":"default-arg","locations":[{"start":{"line":6,"column":12},"end":{"line":6,"column":18}}]},"1":{"loc":{"start":{"line":6,"column":20},"end":{"line":6,"column":36}},"type":"default-arg","locations":[{"start":{"line":6,"column":27},"end":{"line":6,"column":36}}]}},"s":{"0":2,"1":2,"2":23},"f":{"0":23},"b":{"0":[23],"1":[23]}}
,"/Users/aurelienbrachet/Desktop/React/myresume/src/modules/common/components/inputs/TextArea.tsx": {"path":"/Users/aurelienbrachet/Desktop/React/myresume/src/modules/common/components/inputs/TextArea.tsx","statementMap":{"0":{"start":{"line":1,"column":0},"end":{"line":1,"column":56}},"1":{"start":{"line":7,"column":13},"end":{"line":19,"column":2}},"2":{"start":{"line":9,"column":4},"end":{"line":16,"column":null}}},"fnMap":{"0":{"name":"(anonymous_0)","decl":{"start":{"line":8,"column":2},"end":{"line":8,"column":3}},"loc":{"start":{"line":9,"column":4},"end":{"line":16,"column":null}}}},"branchMap":{"0":{"loc":{"start":{"line":8,"column":5},"end":{"line":8,"column":21}},"type":"default-arg","locations":[{"start":{"line":8,"column":12},"end":{"line":8,"column":21}}]}},"s":{"0":2,"1":2,"2":12},"f":{"0":12},"b":{"0":[12]}}
,"/Users/aurelienbrachet/Desktop/React/myresume/src/modules/common/components/loaders/Loader.tsx": {"path":"/Users/aurelienbrachet/Desktop/React/myresume/src/modules/common/components/loaders/Loader.tsx","statementMap":{"0":{"start":{"line":1,"column":0},"end":{"line":1,"column":36}},"1":{"start":{"line":2,"column":0},"end":{"line":2,"column":54}},"2":{"start":{"line":11,"column":22},"end":{"line":26,"column":1}},"3":{"start":{"line":17,"column":29},"end":{"line":17,"column":77}},"4":{"start":{"line":18,"column":2},"end":{"line":25,"column":4}},"5":{"start":{"line":11,"column":13},"end":{"line":11,"column":22}}},"fnMap":{"0":{"name":"(anonymous_1)","decl":{"start":{"line":11,"column":22},"end":{"line":11,"column":23}},"loc":{"start":{"line":16,"column":12},"end":{"line":26,"column":1}}}},"branchMap":{"0":{"loc":{"start":{"line":13,"column":2},"end":{"line":13,"column":13}},"type":"default-arg","locations":[{"start":{"line":13,"column":11},"end":{"line":13,"column":13}}]},"1":{"loc":{"start":{"line":14,"column":2},"end":{"line":14,"column":12}},"type":"default-arg","locations":[{"start":{"line":14,"column":10},"end":{"line":14,"column":12}}]}},"s":{"0":2,"1":2,"2":2,"3":2,"4":2,"5":2},"f":{"0":2},"b":{"0":[1],"1":[1]}}
,"/Users/aurelienbrachet/Desktop/React/myresume/src/testing/index.tsx": {"path":"/Users/aurelienbrachet/Desktop/React/myresume/src/testing/index.tsx","statementMap":{"0":{"start":{"line":2,"column":0},"end":{"line":2,"column":73}},"1":{"start":{"line":3,"column":0},"end":{"line":3,"column":48}},"2":{"start":{"line":4,"column":0},"end":{"line":4,"column":49}},"3":{"start":{"line":5,"column":0},"end":{"line":5,"column":67}},"4":{"start":{"line":13,"column":28},"end":{"line":26,"column":1}},"5":{"start":{"line":17,"column":22},"end":{"line":17,"column":39}},"6":{"start":{"line":18,"column":61},"end":{"line":18,"column":74}},"7":{"start":{"line":19,"column":2},"end":{"line":25,"column":4}},"8":{"start":{"line":13,"column":13},"end":{"line":13,"column":28}},"9":{"start":{"line":28,"column":25},"end":{"line":13,"column":28}},"10":{"start":{"line":27,"column":0},"end":{"line":27,"column":39}}},"fnMap":{"0":{"name":"(anonymous_5)","decl":{"start":{"line":13,"column":28},"end":{"line":13,"column":null}},"loc":{"start":{"line":16,"column":4},"end":{"line":26,"column":1}}}},"branchMap":{"0":{"loc":{"start":{"line":18,"column":10},"end":{"line":18,"column":28}},"type":"default-arg","locations":[{"start":{"line":18,"column":23},"end":{"line":18,"column":28}}]},"1":{"loc":{"start":{"line":18,"column":30},"end":{"line":18,"column":56}},"type":"default-arg","locations":[{"start":{"line":18,"column":47},"end":{"line":18,"column":56}}]},"2":{"loc":{"start":{"line":18,"column":61},"end":{"line":18,"column":74}},"type":"binary-expr","locations":[{"start":{"line":18,"column":61},"end":{"line":18,"column":68}},{"start":{"line":18,"column":72},"end":{"line":18,"column":74}}]}},"s":{"0":10,"1":10,"2":10,"3":10,"4":10,"5":23,"6":23,"7":23,"8":10,"9":10,"10":10},"f":{"0":23},"b":{"0":[21],"1":[21],"2":[23,21]}}
}
