{"/Users/aurelienbrachet/Desktop/React/myresume/src/modules/common/hooks/useBreakPoints.ts": {"path":"/Users/aurelienbrachet/Desktop/React/myresume/src/modules/common/hooks/useBreakPoints.ts","statementMap":{"0":{"start":{"line":1,"column":0},"end":{"line":1,"column":44}},"1":{"start":{"line":10,"column":22},"end":{"line":16,"column":4}},"2":{"start":{"line":17,"column":2},"end":{"line":17,"column":50}},"3":{"start":{"line":17,"column":24},"end":{"line":17,"column":50}},"4":{"start":{"line":18,"column":2},"end":{"line":18,"column":50}},"5":{"start":{"line":18,"column":24},"end":{"line":18,"column":50}},"6":{"start":{"line":19,"column":2},"end":{"line":19,"column":50}},"7":{"start":{"line":19,"column":24},"end":{"line":19,"column":50}},"8":{"start":{"line":20,"column":2},"end":{"line":20,"column":50}},"9":{"start":{"line":20,"column":24},"end":{"line":20,"column":50}},"10":{"start":{"line":21,"column":2},"end":{"line":21,"column":21}},"11":{"start":{"line":9,"column":0},"end":{"line":9,"column":24}}},"fnMap":{"0":{"name":"useBreakpoints","decl":{"start":{"line":9,"column":24},"end":{"line":9,"column":38}},"loc":{"start":{"line":9,"column":38},"end":{"line":22,"column":1}}}},"branchMap":{"0":{"loc":{"start":{"line":17,"column":2},"end":{"line":17,"column":50}},"type":"if","locations":[{"start":{"line":17,"column":2},"end":{"line":17,"column":50}}]},"1":{"loc":{"start":{"line":18,"column":2},"end":{"line":18,"column":50}},"type":"if","locations":[{"start":{"line":18,"column":2},"end":{"line":18,"column":50}}]},"2":{"loc":{"start":{"line":19,"column":2},"end":{"line":19,"column":50}},"type":"if","locations":[{"start":{"line":19,"column":2},"end":{"line":19,"column":50}}]},"3":{"loc":{"start":{"line":20,"column":2},"end":{"line":20,"column":50}},"type":"if","locations":[{"start":{"line":20,"column":2},"end":{"line":20,"column":50}}]}},"s":{"0":1,"1":4,"2":4,"3":1,"4":4,"5":1,"6":4,"7":1,"8":4,"9":1,"10":4,"11":1},"f":{"0":4},"b":{"0":[1],"1":[1],"2":[1],"3":[1]}}
,"/Users/aurelienbrachet/Desktop/React/myresume/src/modules/common/hooks/useMediaQuery.ts": {"path":"/Users/aurelienbrachet/Desktop/React/myresume/src/modules/common/hooks/useMediaQuery.ts","statementMap":{"0":{"start":{"line":1,"column":0},"end":{"line":1,"column":44}},"1":{"start":{"line":10,"column":32},"end":{"line":10,"column":47}},"2":{"start":{"line":11,"column":2},"end":{"line":20,"column":4}},"3":{"start":{"line":13,"column":25},"end":{"line":13,"column":49}},"4":{"start":{"line":14,"column":6},"end":{"line":14,"column":37}},"5":{"start":{"line":15,"column":22},"end":{"line":15,"column":79}},"6":{"start":{"line":15,"column":54},"end":{"line":15,"column":79}},"7":{"start":{"line":16,"column":6},"end":{"line":16,"column":53}},"8":{"start":{"line":17,"column":6},"end":{"line":17,"column":69}},"9":{"start":{"line":17,"column":19},"end":{"line":17,"column":68}},"10":{"start":{"line":21,"column":2},"end":{"line":21,"column":17}},"11":{"start":{"line":9,"column":0},"end":{"line":9,"column":24}}},"fnMap":{"0":{"name":"useMediaQuery","decl":{"start":{"line":9,"column":24},"end":{"line":9,"column":37}},"loc":{"start":{"line":9,"column":51},"end":{"line":22,"column":1}}},"1":{"name":"(anonymous_1)","decl":{"start":{"line":12,"column":4},"end":{"line":12,"column":7}},"loc":{"start":{"line":12,"column":9},"end":{"line":18,"column":5}}},"2":{"name":"(anonymous_2)","decl":{"start":{"line":15,"column":22},"end":{"line":15,"column":23}},"loc":{"start":{"line":15,"column":54},"end":{"line":15,"column":79}}},"3":{"name":"(anonymous_3)","decl":{"start":{"line":17,"column":13},"end":{"line":17,"column":16}},"loc":{"start":{"line":17,"column":19},"end":{"line":17,"column":68}}}},"branchMap":{},"s":{"0":1,"1":3,"2":3,"3":2,"4":2,"5":2,"6":2,"7":2,"8":2,"9":2,"10":3,"11":1},"f":{"0":3,"1":2,"2":2,"3":2},"b":{}}
}
