TN:
SF:src/modules/common/hooks/useBreakPoints.ts
FN:9,useBreakpoints
FNF:1
FNH:1
FNDA:4,useBreakpoints
DA:1,1
DA:9,1
DA:10,4
DA:17,4
DA:18,4
DA:19,4
DA:20,4
DA:21,4
LF:8
LH:8
BRDA:17,0,0,1
BRDA:18,1,0,1
BRDA:19,2,0,1
BRDA:20,3,0,1
BRF:4
BRH:4
end_of_record
TN:
SF:src/modules/common/hooks/useMediaQuery.ts
FN:9,useMediaQuery
FN:12,(anonymous_1)
FN:15,(anonymous_2)
FN:17,(anonymous_3)
FNF:4
FNH:4
FNDA:3,useMediaQuery
FNDA:2,(anonymous_1)
FNDA:2,(anonymous_2)
FNDA:2,(anonymous_3)
DA:1,1
DA:9,1
DA:10,3
DA:11,3
DA:13,2
DA:14,2
DA:15,2
DA:16,2
DA:17,2
DA:21,3
LF:10
LH:10
BRF:0
BRH:0
end_of_record
