TN:
SF:src/modules/common/components/animatedComponents/MobileAnimatedComponent.tsx
FN:10,(anonymous_1)
FNF:1
FNH:1
FNDA:3,(anonymous_1)
DA:2,1
DA:3,1
DA:10,1
DA:19,3
DA:20,3
DA:22,2
LF:6
LH:6
BRDA:20,0,0,1
BRDA:24,1,0,2
BRDA:24,1,1,1
BRF:3
BRH:3
end_of_record
TN:
SF:src/modules/common/components/animatedComponents/MouseFollower.tsx
FN:3,(anonymous_0)
FN:6,(anonymous_1)
FN:7,(anonymous_2)
FN:16,(anonymous_3)
FNF:4
FNH:4
FNDA:3,(anonymous_0)
FNDA:1,(anonymous_1)
FNDA:2,(anonymous_2)
FNDA:1,(anonymous_3)
DA:1,1
DA:3,1
DA:4,3
DA:6,3
DA:7,1
DA:8,2
DA:14,1
DA:16,1
DA:20,3
DA:22,3
DA:26,3
LF:11
LH:11
BRF:0
BRH:0
end_of_record
TN:
SF:src/modules/common/components/buttons/Switch.tsx
FN:15,(anonymous_1)
FNF:1
FNH:1
FNDA:4,(anonymous_1)
DA:2,2
DA:15,2
DA:21,4
LF:3
LH:3
BRF:0
BRH:0
end_of_record
TN:
SF:src/modules/common/components/buttons/ThemeSwitch.tsx
FN:7,(anonymous_1)
FNF:1
FNH:1
FNDA:2,(anonymous_1)
DA:1,1
DA:2,1
DA:3,1
DA:4,1
DA:5,1
DA:7,1
DA:8,2
DA:9,2
LF:8
LH:8
BRF:0
BRH:0
end_of_record
TN:
SF:src/modules/common/components/buttons/components/SelectArrows.tsx
FN:12,(anonymous_1)
FNF:1
FNH:1
FNDA:2,(anonymous_1)
DA:1,1
DA:2,1
DA:12,1
DA:19,2
DA:20,2
LF:5
LH:5
BRDA:16,0,0,2
BRDA:17,1,0,2
BRDA:20,2,0,1
BRDA:20,2,1,1
BRDA:20,3,0,2
BRDA:20,3,1,1
BRF:6
BRH:6
end_of_record
TN:
SF:src/modules/common/components/errors/ErrorComp.tsx
FN:5,(anonymous_0)
FNF:1
FNH:1
FNDA:6,(anonymous_0)
DA:5,2
DA:6,6
LF:2
LH:2
BRDA:5,0,0,1
BRF:1
BRH:1
end_of_record
TN:
SF:src/modules/common/components/inputs/InputText.tsx
FN:6,(anonymous_0)
FNF:1
FNH:1
FNDA:23,(anonymous_0)
DA:1,2
DA:5,2
DA:7,23
LF:3
LH:3
BRDA:6,0,0,23
BRDA:6,1,0,23
BRF:2
BRH:2
end_of_record
TN:
SF:src/modules/common/components/inputs/TextArea.tsx
FN:8,(anonymous_0)
FNF:1
FNH:1
FNDA:12,(anonymous_0)
DA:1,2
DA:7,2
DA:9,12
LF:3
LH:3
BRDA:8,0,0,12
BRF:1
BRH:1
end_of_record
TN:
SF:src/modules/common/components/loaders/Loader.tsx
FN:11,(anonymous_1)
FNF:1
FNH:1
FNDA:2,(anonymous_1)
DA:1,2
DA:2,2
DA:11,2
DA:17,2
DA:18,2
LF:5
LH:5
BRDA:13,0,0,1
BRDA:14,1,0,1
BRF:2
BRH:2
end_of_record
TN:
SF:src/testing/index.tsx
FN:13,(anonymous_5)
FNF:1
FNH:1
FNDA:23,(anonymous_5)
DA:2,10
DA:3,10
DA:4,10
DA:5,10
DA:13,10
DA:17,23
DA:18,23
DA:19,23
DA:27,10
DA:28,10
LF:10
LH:10
BRDA:18,0,0,21
BRDA:18,1,0,21
BRDA:18,2,0,23
BRDA:18,2,1,21
BRF:4
BRH:4
end_of_record
